<component name="libraryTable">
  <library name="junit.jar">
    <CLASSES>
      <root url="jar://$PROJECT_DIR$/../../libraries/misc/junit.jar!/" />
    </CLASSES>
    <JAVADOC />
    <SOURCES />
  </library>
</component>